\BOOKMARK [1][-]{section.1}{\376\377\000A\000u\000f\000g\000a\000b\000e\000n\000b\000l\000a\000t\000t\000\040\0001}{}% 1
\BOOKMARK [2][-]{subsection.1.1}{\376\377\000F\000r\000a\000g\000e\000\040\0001}{section.1}% 2
\BOOKMARK [2][-]{subsection.1.2}{\376\377\000F\000r\000a\000g\000e\000\040\0002}{section.1}% 3
\BOOKMARK [1][-]{section.2}{\376\377\000A\000u\000f\000g\000a\000b\000e\000n\000b\000l\000a\000t\000t\000\040\0002}{}% 4
\BOOKMARK [2][-]{subsection.2.1}{\376\377\000K\000u\000r\000z\000v\000o\000r\000t\000r\000a\000g}{section.2}% 5
\BOOKMARK [1][-]{section.3}{\376\377\000A\000u\000f\000g\000a\000b\000e\000n\000b\000l\000a\000t\000t\000\040\0003}{}% 6
\BOOKMARK [2][-]{subsection.3.1}{\376\377\000W\000a\000s\000\040\000i\000s\000t\000\040\000e\000i\000n\000e\000\040\000F\000r\000e\000q\000u\000e\000n\000z\000?}{section.3}% 7
\BOOKMARK [3][-]{subsubsection.3.1.1}{\376\377\000F\000r\000a\000g\000e\000\040\0001}{subsection.3.1}% 8
\BOOKMARK [2][-]{subsection.3.2}{\376\377\000D\000a\000s\000\040\000A\000b\000t\000a\000s\000t\000t\000h\000e\000o\000r\000e\000m}{section.3}% 9
\BOOKMARK [3][-]{subsubsection.3.2.1}{\376\377\000F\000r\000a\000g\000e\000n\000\040\000u\000n\000d\000\040\000A\000n\000t\000w\000o\000r\000t\000e\000n\000\040\000z\000u\000r\000\040\000e\000r\000s\000t\000e\000n\000\040\000T\000e\000i\000l\000a\000u\000f\000g\000a\000b\000e}{subsection.3.2}% 10
\BOOKMARK [3][-]{subsubsection.3.2.2}{\376\377\000F\000r\000a\000g\000e\000\040\0002}{subsection.3.2}% 11
\BOOKMARK [2][-]{subsection.3.3}{\376\377\000F\000r\000a\000g\000e\000\040\0004}{section.3}% 12
\BOOKMARK [2][-]{subsection.3.4}{\376\377\000F\000r\000a\000g\000e\000\040\0005}{section.3}% 13
\BOOKMARK [2][-]{subsection.3.5}{\376\377\000F\000r\000a\000g\000e\000\040\0006}{section.3}% 14
\BOOKMARK [1][-]{section.4}{\376\377\000A\000u\000f\000g\000a\000b\000e\000n\000b\000l\000a\000t\000t\000\040\0004}{}% 15
\BOOKMARK [1][-]{section.5}{\376\377\000A\000u\000f\000g\000a\000b\000e\000n\000b\000l\000a\000t\000t\000\040\0005}{}% 16
\BOOKMARK [1][-]{section.6}{\376\377\000A\000u\000f\000g\000a\000b\000e\000n\000b\000l\000a\000t\000t\000\040\0006}{}% 17
\BOOKMARK [1][-]{section.7}{\376\377\000A\000u\000f\000g\000a\000b\000e\000n\000b\000l\000a\000t\000t\000\040\0007}{}% 18
\BOOKMARK [1][-]{section.8}{\376\377\000A\000u\000f\000g\000a\000b\000e\000n\000b\000l\000a\000t\000t\000\040\0008}{}% 19
\BOOKMARK [1][-]{section.9}{\376\377\000A\000u\000f\000g\000a\000b\000e\000n\000b\000l\000a\000t\000t\000\040\0009}{}% 20
\BOOKMARK [1][-]{section.10}{\376\377\000A\000u\000f\000g\000a\000b\000e\000n\000b\000l\000a\000t\000t\000\040\0001\0000}{}% 21
